<?xml version="1.0" encoding="UTF-8"?>
<testsuites name="jest tests" tests="2" failures="0" errors="0" time="1.007">
  <testsuite name="CampaignController" errors="0" failures="0" skipped="0" timestamp="2025-02-24T13:28:46" time="0.975" tests="2">
    <testcase classname="CampaignController should be defined" name="CampaignController should be defined" time="0.017">
    </testcase>
    <testcase classname="CampaignController createCampaign should call createCampaignUsecase.execute with the correct data" name="CampaignController createCampaign should call createCampaignUsecase.execute with the correct data" time="0.001">
    </testcase>
  </testsuite>
</testsuites>