<?xml version="1.0" encoding="UTF-8"?>
<testsuites name="jest tests" tests="12" failures="0" errors="0" time="0.436">
  <testsuite name="CampaignController" errors="0" failures="0" skipped="0" timestamp="2025-02-24T16:36:30" time="0.322" tests="6">
    <testcase classname="CampaignController should be defined" name="CampaignController should be defined" time="0.007">
    </testcase>
    <testcase classname="CampaignController createCampaign should call createCampaignUsecase.execute with the correct data" name="CampaignController createCampaign should call createCampaignUsecase.execute with the correct data" time="0.001">
    </testcase>
    <testcase classname="CampaignController createCampaign should return the result of createCampaignUsecase.execute" name="CampaignController createCampaign should return the result of createCampaignUsecase.execute" time="0.001">
    </testcase>
    <testcase classname="CampaignController getCampaign should be defined" name="CampaignController getCampaign should be defined" time="0.001">
    </testcase>
    <testcase classname="CampaignController getCampaign should return a campaign" name="CampaignController getCampaign should return a campaign" time="0">
    </testcase>
    <testcase classname="CampaignController getCampaign should throw an error if the campaign does not exist" name="CampaignController getCampaign should throw an error if the campaign does not exist" time="0.003">
    </testcase>
  </testsuite>
  <testsuite name="CampaignController" errors="0" failures="0" skipped="0" timestamp="2025-02-24T16:36:30" time="0.071" tests="6">
    <testcase classname="CampaignController should be defined" name="CampaignController should be defined" time="0.002">
    </testcase>
    <testcase classname="CampaignController createCampaign should call createCampaignUsecase.execute with the correct data" name="CampaignController createCampaign should call createCampaignUsecase.execute with the correct data" time="0.001">
    </testcase>
    <testcase classname="CampaignController createCampaign should return the result of createCampaignUsecase.execute" name="CampaignController createCampaign should return the result of createCampaignUsecase.execute" time="0">
    </testcase>
    <testcase classname="CampaignController getCampaign should be defined" name="CampaignController getCampaign should be defined" time="0.001">
    </testcase>
    <testcase classname="CampaignController getCampaign should return a campaign" name="CampaignController getCampaign should return a campaign" time="0">
    </testcase>
    <testcase classname="CampaignController getCampaign should throw an error if the campaign does not exist" name="CampaignController getCampaign should throw an error if the campaign does not exist" time="0.001">
    </testcase>
  </testsuite>
</testsuites>