<?xml version="1.0" encoding="UTF-8"?>
<testsuites name="jest tests" tests="7" failures="0" errors="0" time="0.411">
  <testsuite name="SearchCampaignPrismaRepository" errors="0" failures="0" skipped="0" timestamp="2025-02-26T05:28:42" time="0.379" tests="7">
    <testcase classname="SearchCampaignPrismaRepository should be defined" name="SearchCampaignPrismaRepository should be defined" time="0.001">
    </testcase>
    <testcase classname="SearchCampaignPrismaRepository should perform a successful search with results" name="SearchCampaignPrismaRepository should perform a successful search with results" time="0.001">
    </testcase>
    <testcase classname="SearchCampaignPrismaRepository should handle a search with no results" name="SearchCampaignPrismaRepository should handle a search with no results" time="0.001">
    </testcase>
    <testcase classname="SearchCampaignPrismaRepository should handle errors gracefully" name="SearchCampaignPrismaRepository should handle errors gracefully" time="0">
    </testcase>
    <testcase classname="SearchCampaignPrismaRepository should handle pagination correctly with multiple pages" name="SearchCampaignPrismaRepository should handle pagination correctly with multiple pages" time="0">
    </testcase>
    <testcase classname="SearchCampaignPrismaRepository should pass the correct where clause to Prisma" name="SearchCampaignPrismaRepository should pass the correct where clause to Prisma" time="0.001">
    </testcase>
    <testcase classname="SearchCampaignPrismaRepository should handle empty search correctly" name="SearchCampaignPrismaRepository should handle empty search correctly" time="0">
    </testcase>
  </testsuite>
</testsuites>