<?xml version="1.0" encoding="UTF-8"?>
<testsuites name="jest tests" tests="9" failures="0" errors="0" time="0.269">
  <testsuite name="GetCampaignQueryDto" errors="0" failures="0" skipped="0" timestamp="2025-02-24T19:38:33" time="0.24" tests="9">
    <testcase classname="GetCampaignQueryDto should validate with default values" name="GetCampaignQueryDto should validate with default values" time="0.003">
    </testcase>
    <testcase classname="GetCampaignQueryDto should validate with valid custom values" name="GetCampaignQueryDto should validate with valid custom values" time="0.013">
    </testcase>
    <testcase classname="GetCampaignQueryDto should fail if page is not a valid number" name="GetCampaignQueryDto should fail if page is not a valid number" time="0.001">
    </testcase>
    <testcase classname="GetCampaignQueryDto should fail if limit is not a valid number" name="GetCampaignQueryDto should fail if limit is not a valid number" time="0">
    </testcase>
    <testcase classname="GetCampaignQueryDto should fail if status is not &quot;active&quot; or &quot;paused&quot;" name="GetCampaignQueryDto should fail if status is not &quot;active&quot; or &quot;paused&quot;" time="0">
    </testcase>
    <testcase classname="GetCampaignQueryDto should fail if includeDeleted is not a boolean" name="GetCampaignQueryDto should fail if includeDeleted is not a boolean" time="0.001">
    </testcase>
    <testcase classname="GetCampaignQueryDto should fail if order is not &quot;asc&quot; or &quot;desc&quot;" name="GetCampaignQueryDto should fail if order is not &quot;asc&quot; or &quot;desc&quot;" time="0">
    </testcase>
    <testcase classname="GetCampaignQueryDto should fail if orderBy exceeds maximum length" name="GetCampaignQueryDto should fail if orderBy exceeds maximum length" time="0.001">
    </testcase>
    <testcase classname="GetCampaignQueryDto should fail if search exceeds maximum length" name="GetCampaignQueryDto should fail if search exceeds maximum length" time="0">
    </testcase>
  </testsuite>
</testsuites>