<?xml version="1.0" encoding="UTF-8"?>
<testsuites name="jest tests" tests="8" failures="0" errors="0" time="0.359">
  <testsuite name="envSchema" errors="0" failures="0" skipped="0" timestamp="2025-02-24T17:05:48" time="0.2" tests="4">
    <testcase classname="envSchema should validate a valid set of environment variables" name="envSchema should validate a valid set of environment variables" time="0.006">
    </testcase>
    <testcase classname="envSchema should fail when required fields are missing" name="envSchema should fail when required fields are missing" time="0">
    </testcase>
    <testcase classname="envSchema should fail when NODE_ENV is not a valid enum" name="envSchema should fail when NODE_ENV is not a valid enum" time="0.001">
    </testcase>
    <testcase classname="envSchema should allow FRONTEND_URL to be optional" name="envSchema should allow FRONTEND_URL to be optional" time="0">
    </testcase>
  </testsuite>
  <testsuite name="envSchema" errors="0" failures="0" skipped="0" timestamp="2025-02-24T17:05:48" time="0.193" tests="4">
    <testcase classname="envSchema should validate a valid set of environment variables" name="envSchema should validate a valid set of environment variables" time="0.003">
    </testcase>
    <testcase classname="envSchema should fail when required fields are missing" name="envSchema should fail when required fields are missing" time="0.003">
    </testcase>
    <testcase classname="envSchema should fail when NODE_ENV is not a valid enum" name="envSchema should fail when NODE_ENV is not a valid enum" time="0">
    </testcase>
    <testcase classname="envSchema should allow FRONTEND_URL to be optional" name="envSchema should allow FRONTEND_URL to be optional" time="0">
    </testcase>
  </testsuite>
</testsuites>